<?xml version="1.0" encoding="UTF-8"?>
<!-- Generated by org.testng.reporters.JUnitReportReporter -->
<testsuite hostname="Pratheug" failures="0" tests="1" name="com.learnautomation.Testcases.AppLaunch" time="7.225" errors="0" timestamp="2024-06-01T15:11:01 IST" skipped="0">
  <testcase classname="com.learnautomation.Testcases.AppLaunch" name="LoginPage" time="7.225"/>
</testsuite> <!-- com.learnautomation.Testcases.AppLaunch -->
